1,11c1,8
< Caricamento engine: /home/g.galasso/g.galasso/nvbit_release/tools/nvbitfi/test-apps/sb3net_trt/sb3net.plan...
< File trovato!
< Engine caricato!
< Configurazione del Context per Batch Size = 4...
< 
< 1. Generazione di 4 input paralleli...
<     -> Input 'img_input' pronto. Shape allocata su host: (4, 3, 144, 256)
<     -> Input '27' pronto. Shape allocata su host: (4, 12)
< 
< 2. Spostamento dati e calcolo inferenza parallela sulla GPU...
< ERROR FAIL in kernel execution (the launch timed out and was terminated); 
\ No newline at end of file
---
> 🚀 Caricamento engine: sb3net.plan...
> 📊 Preparazione dati fasulli (Dummy Data)...
>    -> Input 'input.1' pronto. Shape: (1, 3, 144, 256)
>    -> Input '27' pronto. Shape: (1, 12)
> 🔥 Esecuzione inferenza sulla GPU...
> ✅ TEST COMPLETATO CON SUCCESSO!
> 🤖 Azione predetta: 0
> 📈 Logits grezzi: [-152.46600342 -509.89785767 -428.78564453 -488.32345581 -401.38949585]...
